app/build/intermediates/manifest_merge_blame_file/debug/manifest-merger-blame-debug-report.txt
1<?xml version="1.0" encoding="utf-8"?>
2<manifest xmlns:android="http://schemas.android.com/apk/res/android"
3    package="io.aware.ava"
4    android:versionCode="38"
5    android:versionName="0.2" >
6
7    <uses-sdk
8        android:minSdkVersion="24"
8-->src\main\AndroidManifest.xml
9        android:targetSdkVersion="29" />
9-->src\main\AndroidManifest.xml
10
11    <uses-permission android:name="android.permission.RECORD_AUDIO" />
11-->src\main\AndroidManifest.xml:6:5-71
11-->src\main\AndroidManifest.xml:6:22-68
12    <uses-permission android:name="android.permission.REQUEST_IGNORE_BATTERY_OPTIMIZATIONS" />
12-->src\main\AndroidManifest.xml:7:5-95
12-->src\main\AndroidManifest.xml:7:22-92
13    <uses-permission android:name="android.permission.RECORD_AUDIO" />
13-->src\main\AndroidManifest.xml:6:5-71
13-->src\main\AndroidManifest.xml:6:22-68
14    <uses-permission android:name="android.permission.INTERNET" />
14-->src\main\AndroidManifest.xml:9:5-67
14-->src\main\AndroidManifest.xml:9:22-64
15    <uses-permission android:name="android.permission.WRITE_EXTERNAL_STORAGE" />
15-->src\main\AndroidManifest.xml:10:5-81
15-->src\main\AndroidManifest.xml:10:22-78
16    <uses-permission android:name="android.permission.WRITE_EXTERNAL_STORAGE" />
16-->src\main\AndroidManifest.xml:10:5-81
16-->src\main\AndroidManifest.xml:10:22-78
17    <uses-permission android:name="android.permission.READ_EXTERNAL_STORAGE" />
17-->src\main\AndroidManifest.xml:12:5-80
17-->src\main\AndroidManifest.xml:12:22-77
18    <uses-permission android:name="android.permission.VIBRATE" />
18-->src\main\AndroidManifest.xml:13:5-66
18-->src\main\AndroidManifest.xml:13:22-63
19    <uses-permission android:name="android.permission.USE_FULL_SCREEN_INTENT" />
19-->src\main\AndroidManifest.xml:14:5-81
19-->src\main\AndroidManifest.xml:14:22-78
20    <uses-permission android:name="android.permission.READ_PHONE_STATE" />
20-->src\main\AndroidManifest.xml:15:5-75
20-->src\main\AndroidManifest.xml:15:22-72
21    <uses-permission android:name="android.permission.SEND_SMS" />
21-->src\main\AndroidManifest.xml:16:5-67
21-->src\main\AndroidManifest.xml:16:22-64
22    <uses-permission android:name="android.permission.ACCESS_FINE_LOCATION" />
22-->src\main\AndroidManifest.xml:17:5-79
22-->src\main\AndroidManifest.xml:17:22-76
23    <uses-permission android:name="android.permission.ACCESS_COARSE_LOCATION" />
23-->src\main\AndroidManifest.xml:18:5-81
23-->src\main\AndroidManifest.xml:18:22-78
24    <uses-permission
24-->src\main\AndroidManifest.xml:20:5-22:36
25        android:name="android.permission.CALL_PHONE"
25-->src\main\AndroidManifest.xml:21:9-53
26        android:required="false" />
26-->src\main\AndroidManifest.xml:22:9-33
27    <uses-permission android:name="android.permission.READ_CONTACTS" />
27-->src\main\AndroidManifest.xml:24:5-72
27-->src\main\AndroidManifest.xml:24:22-69
28    <uses-permission android:name="com.android.alarm.permission.SET_ALARM" />
28-->src\main\AndroidManifest.xml:25:5-78
28-->src\main\AndroidManifest.xml:25:22-75
29
30    <application
30-->src\main\AndroidManifest.xml:27:5-52:19
31        android:allowBackup="true"
31-->src\main\AndroidManifest.xml:28:9-35
32        android:appComponentFactory="androidx.core.app.CoreComponentFactory"
32-->[androidx.core:core:1.5.0] AndroidManifest.xml:24:18-86
33        android:debuggable="true"
34        android:extractNativeLibs="false"
35        android:icon="@mipmap/ic_launcher_foreground"
35-->src\main\AndroidManifest.xml:29:9-54
36        android:label="@string/app_name"
36-->src\main\AndroidManifest.xml:30:9-41
37        android:requestLegacyExternalStorage="true"
37-->src\main\AndroidManifest.xml:27:18-61
38        android:supportsRtl="true"
38-->src\main\AndroidManifest.xml:31:9-35
39        android:theme="@style/AppTheme" >
39-->src\main\AndroidManifest.xml:32:9-40
40        <activity android:name="io.aware.coala.MainActivity" >
40-->src\main\AndroidManifest.xml:34:9-40:20
40-->src\main\AndroidManifest.xml:34:19-61
41            <intent-filter>
41-->src\main\AndroidManifest.xml:35:13-39:29
42                <action android:name="android.intent.action.MAIN" />
42-->src\main\AndroidManifest.xml:36:17-69
42-->src\main\AndroidManifest.xml:36:25-66
43
44                <category android:name="android.intent.category.LAUNCHER" />
44-->src\main\AndroidManifest.xml:38:17-77
44-->src\main\AndroidManifest.xml:38:27-74
45            </intent-filter>
46        </activity>
47        <activity
47-->src\main\AndroidManifest.xml:41:9-43:40
48            android:name="io.aware.coala.assistant"
48-->src\main\AndroidManifest.xml:42:13-52
49            android:noHistory="true" />
49-->src\main\AndroidManifest.xml:43:13-37
50        <activity android:name="io.aware.coala.settings" />
50-->src\main\AndroidManifest.xml:44:9-60
50-->src\main\AndroidManifest.xml:44:19-57
51        <activity
51-->src\main\AndroidManifest.xml:45:9-47:40
52            android:name="io.aware.coala.HilfeActivity"
52-->src\main\AndroidManifest.xml:46:13-56
53            android:noHistory="true" />
53-->src\main\AndroidManifest.xml:47:13-37
54
55        <uses-library
55-->src\main\AndroidManifest.xml:49:9-51:40
56            android:name="org.apache.http.legacy"
56-->src\main\AndroidManifest.xml:50:13-50
57            android:required="false" />
57-->src\main\AndroidManifest.xml:51:13-37
58
59        <provider
59-->[androidx.lifecycle:lifecycle-process:2.0.0] AndroidManifest.xml:23:9-27:43
60            android:name="androidx.lifecycle.ProcessLifecycleOwnerInitializer"
60-->[androidx.lifecycle:lifecycle-process:2.0.0] AndroidManifest.xml:24:13-79
61            android:authorities="io.aware.ava.lifecycle-process"
61-->[androidx.lifecycle:lifecycle-process:2.0.0] AndroidManifest.xml:25:13-69
62            android:exported="false"
62-->[androidx.lifecycle:lifecycle-process:2.0.0] AndroidManifest.xml:26:13-37
63            android:multiprocess="true" />
63-->[androidx.lifecycle:lifecycle-process:2.0.0] AndroidManifest.xml:27:13-40
64    </application>
65
66</manifest>